<?xml version="1.0" encoding="UTF-8"?>
<robot generator="Robot 7.0 (Python 3.12.3 on win32)" generated="2024-05-14T22:29:36.204751" rpa="false" schemaversion="5">
<suite id="s1" name="userCheck" source="C:\Users\KISHORE\PycharmProjects\TestAutomation\TestCases\UserList\userCheck.robot">
<test id="s1-t1" name="Verify that Admin or Global admin can login" line="17">
<kw name="Open Browser" owner="SeleniumLibrary">
<msg time="2024-05-14T22:29:36.376132" level="INFO">Opening browser 'Chrome' to base url 'https://app-stage.thearkofrevival.com'.</msg>
<arg>${URL}</arg>
<arg>${BROWSER}</arg>
<doc>Opens a new browser instance to the optional ``url``.</doc>
<status status="PASS" start="2024-05-14T22:29:36.376132" elapsed="4.705559"/>
</kw>
<kw name="Maximize Browser Window" owner="SeleniumLibrary">
<doc>Maximizes current browser window.</doc>
<status status="PASS" start="2024-05-14T22:29:41.082688" elapsed="0.042132"/>
</kw>
<kw name="Wait Until Page Contains" owner="SeleniumLibrary">
<arg>Login to Ark Enterprise Platform</arg>
<doc>Waits until ``text`` appears on the current page.</doc>
<status status="PASS" start="2024-05-14T22:29:41.125828" elapsed="2.754484"/>
</kw>
<kw name="Get Text" owner="SeleniumLibrary">
<msg time="2024-05-14T22:29:43.911298" level="INFO">${EMAIL_LABEL} = Email</msg>
<var>${EMAIL_LABEL}</var>
<arg>xpath://*[@testid='org-login-email-input-label']</arg>
<doc>Returns the text value of the element identified by ``locator``.</doc>
<status status="PASS" start="2024-05-14T22:29:43.881316" elapsed="0.029982"/>
</kw>
<kw name="Should Be Equal As Strings" owner="BuiltIn">
<arg>${EMAIL_LABEL}</arg>
<arg>${EMAIL_LABEL_TEST}</arg>
<doc>Fails if objects are unequal after converting them to strings.</doc>
<status status="PASS" start="2024-05-14T22:29:43.912313" elapsed="0.000976"/>
</kw>
<kw name="Element Should Be Visible" owner="SeleniumLibrary">
<msg time="2024-05-14T22:29:43.947286" level="INFO">Element 'id:email' is displayed.</msg>
<arg>id:email</arg>
<doc>Verifies that the element identified by ``locator`` is visible.</doc>
<status status="PASS" start="2024-05-14T22:29:43.913289" elapsed="0.033997"/>
</kw>
<kw name="Element Should Be Enabled" owner="SeleniumLibrary">
<arg>id:email</arg>
<doc>Verifies that element identified by ``locator`` is enabled.</doc>
<status status="PASS" start="2024-05-14T22:29:43.949287" elapsed="0.036614"/>
</kw>
<kw name="Input Text" owner="SeleniumLibrary">
<msg time="2024-05-14T22:29:43.987905" level="INFO">Typing text 'admin@justomerchantz.com' into text field 'id:email'.</msg>
<arg>id:email</arg>
<arg>${EMAIL}</arg>
<doc>Types the given ``text`` into the text field identified by ``locator``.</doc>
<status status="PASS" start="2024-05-14T22:29:43.986894" elapsed="0.244994"/>
</kw>
<kw name="Get Text" owner="SeleniumLibrary">
<msg time="2024-05-14T22:29:44.300041" level="INFO">${PASS_LABEL} = Password</msg>
<var>${PASS_LABEL}</var>
<arg>xpath://*[@testid='org-login-password-input-label']</arg>
<doc>Returns the text value of the element identified by ``locator``.</doc>
<status status="PASS" start="2024-05-14T22:29:44.231888" elapsed="0.068153"/>
</kw>
<kw name="Should Be Equal As Strings" owner="BuiltIn">
<arg>${EMAIL_LABEL}</arg>
<arg>${EMAIL_LABEL_TEST}</arg>
<doc>Fails if objects are unequal after converting them to strings.</doc>
<status status="PASS" start="2024-05-14T22:29:44.301079" elapsed="0.000000"/>
</kw>
<kw name="Element Should Be Visible" owner="SeleniumLibrary">
<msg time="2024-05-14T22:29:44.319704" level="INFO">Element 'id:password' is displayed.</msg>
<arg>id:password</arg>
<doc>Verifies that the element identified by ``locator`` is visible.</doc>
<status status="PASS" start="2024-05-14T22:29:44.302051" elapsed="0.017653"/>
</kw>
<kw name="Element Should Be Enabled" owner="SeleniumLibrary">
<arg>id:password</arg>
<doc>Verifies that element identified by ``locator`` is enabled.</doc>
<status status="PASS" start="2024-05-14T22:29:44.320731" elapsed="0.024974"/>
</kw>
<kw name="Input Text" owner="SeleniumLibrary">
<msg time="2024-05-14T22:29:44.347729" level="INFO">Typing text 'P@ssword0123' into text field 'id:password'.</msg>
<arg>id:password</arg>
<arg>${PASS}</arg>
<doc>Types the given ``text`` into the text field identified by ``locator``.</doc>
<status status="PASS" start="2024-05-14T22:29:44.346733" elapsed="0.149302"/>
</kw>
<kw name="Page Should Contain Button" owner="SeleniumLibrary">
<msg time="2024-05-14T22:29:44.547024" level="INFO">Current page contains button 'xpath://*[@testid='org-login-submit-button']'.</msg>
<arg>xpath://*[@testid='org-login-submit-button']</arg>
<doc>Verifies button ``locator`` is found from current page.</doc>
<status status="PASS" start="2024-05-14T22:29:44.497016" elapsed="0.050008"/>
</kw>
<kw name="Click Button" owner="SeleniumLibrary">
<msg time="2024-05-14T22:29:44.549019" level="INFO">Clicking button 'xpath://*[@testid='org-login-submit-button']'.</msg>
<arg>xpath://*[@testid='org-login-submit-button']</arg>
<doc>Clicks the button identified by ``locator``.</doc>
<status status="PASS" start="2024-05-14T22:29:44.548013" elapsed="0.088823"/>
</kw>
<kw name="Wait Until Element Is Visible" owner="SeleniumLibrary">
<arg>xpath://div[contains(@class, "ant-message-success")]</arg>
<doc>Waits until the element ``locator`` is visible.</doc>
<status status="PASS" start="2024-05-14T22:29:44.636836" elapsed="1.543193"/>
</kw>
<kw name="Get Text" owner="SeleniumLibrary">
<msg time="2024-05-14T22:29:46.209511" level="INFO">${actual_message} = Login success 😃!</msg>
<var>${actual_message}</var>
<arg>xpath://div[contains(@class, "ant-message-success")]</arg>
<doc>Returns the text value of the element identified by ``locator``.</doc>
<status status="PASS" start="2024-05-14T22:29:46.181017" elapsed="0.028494"/>
</kw>
<kw name="Should Be Equal As Strings" owner="BuiltIn">
<arg>${actual_message}</arg>
<arg>${EXPECTED_MESSAGE}</arg>
<doc>Fails if objects are unequal after converting them to strings.</doc>
<status status="PASS" start="2024-05-14T22:29:46.210511" elapsed="0.000000"/>
</kw>
<kw name="Wait Until Page Contains" owner="SeleniumLibrary">
<arg>Choose an Organization</arg>
<arg>60</arg>
<doc>Waits until ``text`` appears on the current page.</doc>
<status status="PASS" start="2024-05-14T22:29:46.211512" elapsed="0.025893"/>
</kw>
<status status="PASS" start="2024-05-14T22:29:36.375472" elapsed="9.862917"/>
</test>
<test id="s1-t2" name="Verify that user can open support dashboard" line="47">
<kw name="Mouse Over" owner="SeleniumLibrary">
<msg time="2024-05-14T22:29:46.242484" level="INFO">Simulating Mouse Over on element 'xpath://*[@testid='org-dashboard-profile-icon']'.</msg>
<arg>xpath://*[@testid='org-dashboard-profile-icon']</arg>
<doc>Simulates hovering the mouse over the element ``locator``.</doc>
<status status="PASS" start="2024-05-14T22:29:46.242484" elapsed="0.305024"/>
</kw>
<kw name="Wait Until Element Is Visible" owner="SeleniumLibrary">
<arg>xpath://a[@testid='org-profile-popover-support-dashboard-btn']</arg>
<arg>60</arg>
<doc>Waits until the element ``locator`` is visible.</doc>
<status status="PASS" start="2024-05-14T22:29:46.548507" elapsed="0.035488"/>
</kw>
<kw name="Click Link" owner="SeleniumLibrary">
<msg time="2024-05-14T22:29:46.583995" level="INFO">Clicking link 'xpath://a[@testid='org-profile-popover-support-dashboard-btn']'.</msg>
<arg>xpath://a[@testid='org-profile-popover-support-dashboard-btn']</arg>
<doc>Clicks a link identified by ``locator``.</doc>
<status status="PASS" start="2024-05-14T22:29:46.583995" elapsed="0.118729"/>
</kw>
<kw name="Wait Until Page Contains" owner="SeleniumLibrary">
<arg>Support Dashboard</arg>
<doc>Waits until ``text`` appears on the current page.</doc>
<status status="PASS" start="2024-05-14T22:29:46.703901" elapsed="0.021722"/>
</kw>
<status status="PASS" start="2024-05-14T22:29:46.241397" elapsed="0.485225"/>
</test>
<test id="s1-t3" name="Verify that user can navigate to all users page" line="53">
<kw name="Get Text" owner="SeleniumLibrary">
<msg time="2024-05-14T22:29:46.763889" level="INFO">${card_name} = All Users List</msg>
<var>${card_name}</var>
<arg>xpath://*[@data-testid='sub-user-list']/span/strong</arg>
<doc>Returns the text value of the element identified by ``locator``.</doc>
<status status="PASS" start="2024-05-14T22:29:46.730618" elapsed="0.034266"/>
</kw>
<kw name="Should Be Equal As Strings" owner="BuiltIn">
<arg>${card_name}</arg>
<arg>${card_name_test}</arg>
<doc>Fails if objects are unequal after converting them to strings.</doc>
<status status="PASS" start="2024-05-14T22:29:46.766882" elapsed="0.001000"/>
</kw>
<kw name="Click Element" owner="SeleniumLibrary">
<msg time="2024-05-14T22:29:46.769401" level="INFO">Clicking element '//*[@data-testid='sub-user-list']'.</msg>
<arg>//*[@data-testid='sub-user-list']</arg>
<doc>Click the element identified by ``locator``.</doc>
<status status="PASS" start="2024-05-14T22:29:46.767882" elapsed="0.144445"/>
</kw>
<status status="PASS" start="2024-05-14T22:29:46.729626" elapsed="0.183707"/>
</test>
<test id="s1-t4" name="Verify that search is working" line="58">
<kw name="select user type drop">
<kw name="Evaluate" owner="BuiltIn">
<msg time="2024-05-14T22:29:46.917338" level="INFO">${temp} = xpath://*[@data-testid='user-type-select']</msg>
<var>${temp}</var>
<arg>f"xpath://*[@data-testid='user-type-${type}']"</arg>
<doc>Evaluates the given expression in Python and returns the result.</doc>
<status status="PASS" start="2024-05-14T22:29:46.916334" elapsed="0.001004"/>
</kw>
<return>
<value>${temp}</value>
<status status="PASS" start="2024-05-14T22:29:46.918330" elapsed="0.000000"/>
</return>
<msg time="2024-05-14T22:29:46.918330" level="INFO">${type_drop} = xpath://*[@data-testid='user-type-select']</msg>
<var>${type_drop}</var>
<arg>select</arg>
<status status="PASS" start="2024-05-14T22:29:46.915320" elapsed="0.004009"/>
</kw>
<kw name="Click Element" owner="SeleniumLibrary">
<msg time="2024-05-14T22:29:46.920328" level="INFO">Clicking element 'xpath://*[@data-testid='user-type-select']'.</msg>
<arg>${type_drop}</arg>
<doc>Click the element identified by ``locator``.</doc>
<status status="PASS" start="2024-05-14T22:29:46.919329" elapsed="0.075712"/>
</kw>
<kw name="select user type drop">
<kw name="Evaluate" owner="BuiltIn">
<msg time="2024-05-14T22:29:46.998041" level="INFO">${temp} = xpath://*[@data-testid='user-type-active']</msg>
<var>${temp}</var>
<arg>f"xpath://*[@data-testid='user-type-${type}']"</arg>
<doc>Evaluates the given expression in Python and returns the result.</doc>
<status status="PASS" start="2024-05-14T22:29:46.996039" elapsed="0.002002"/>
</kw>
<return>
<value>${temp}</value>
<status status="PASS" start="2024-05-14T22:29:46.998041" elapsed="0.000000"/>
</return>
<msg time="2024-05-14T22:29:46.998041" level="INFO">${type_drop_down} = xpath://*[@data-testid='user-type-active']</msg>
<var>${type_drop_down}</var>
<arg>${ACTIVE}</arg>
<status status="PASS" start="2024-05-14T22:29:46.996039" elapsed="0.002002"/>
</kw>
<kw name="Wait Until Element Is Visible" owner="SeleniumLibrary">
<arg>${type_drop_down}</arg>
<doc>Waits until the element ``locator`` is visible.</doc>
<status status="PASS" start="2024-05-14T22:29:46.999041" elapsed="0.256752"/>
</kw>
<kw name="Click Element" owner="SeleniumLibrary">
<msg time="2024-05-14T22:29:47.257824" level="INFO">Clicking element 'xpath://*[@data-testid='user-type-active']'.</msg>
<arg>${type_drop_down}</arg>
<doc>Click the element identified by ``locator``.</doc>
<status status="PASS" start="2024-05-14T22:29:47.256815" elapsed="0.100517"/>
</kw>
<kw name="Input Text" owner="SeleniumLibrary">
<msg time="2024-05-14T22:29:47.358333" level="INFO">Typing text 'ishore' into text field 'xpath://*[@data-testid='user-search-inp']/span/span/span[2]/input'.</msg>
<msg time="2024-05-14T22:29:47.563054" level="INFO" html="true">&lt;/td&gt;&lt;/tr&gt;&lt;tr&gt;&lt;td colspan="3"&gt;&lt;a href="selenium-screenshot-5.png"&gt;&lt;img src="selenium-screenshot-5.png" width="800px"&gt;&lt;/a&gt;</msg>
<msg time="2024-05-14T22:29:47.563601" level="FAIL">Element with locator 'xpath://*[@data-testid='user-search-inp']/span/span/span[2]/input' not found.</msg>
<arg>xpath://*[@data-testid='user-search-inp']/span/span/span[2]/input</arg>
<arg>${search_user_test}</arg>
<doc>Types the given ``text`` into the text field identified by ``locator``.</doc>
<status status="FAIL" start="2024-05-14T22:29:47.358333" elapsed="0.213101">Element with locator 'xpath://*[@data-testid='user-search-inp']/span/span/span[2]/input' not found.</status>
</kw>
<kw name="Click Button" owner="SeleniumLibrary">
<arg>xpath://*[@data-testid='user-search-inp']/span/span/span[3]/button</arg>
<doc>Clicks the button identified by ``locator``.</doc>
<status status="NOT RUN" start="2024-05-14T22:29:47.571434" elapsed="0.000000"/>
</kw>
<kw name="Sleep" owner="BuiltIn">
<arg>5s</arg>
<doc>Pauses the test executed for the given time.</doc>
<status status="NOT RUN" start="2024-05-14T22:29:47.573122" elapsed="0.000000"/>
</kw>
<kw name="Get Element Count" owner="SeleniumLibrary">
<var>${result_count}</var>
<arg>//*[@class='ant-table-tbody']/tr</arg>
<doc>Returns the number of elements matching ``locator``.</doc>
<status status="NOT RUN" start="2024-05-14T22:29:47.573653" elapsed="0.000000"/>
</kw>
<kw name="Log To Console" owner="BuiltIn">
<arg>${result_count}</arg>
<doc>Logs the given message to the console.</doc>
<status status="NOT RUN" start="2024-05-14T22:29:47.574189" elapsed="0.000000"/>
</kw>
<kw name="validate search result">
<arg>${result_count}</arg>
<status status="NOT RUN" start="2024-05-14T22:29:47.574748" elapsed="0.000532"/>
</kw>
<kw name="Wait Until Element Is Visible" owner="SeleniumLibrary">
<arg>xpath://*[@data-testid='user-search-inp']/span/span/span[2]/span</arg>
<doc>Waits until the element ``locator`` is visible.</doc>
<status status="NOT RUN" start="2024-05-14T22:29:47.575808" elapsed="0.000000"/>
</kw>
<kw name="Click Element" owner="SeleniumLibrary">
<arg>xpath://*[@data-testid='user-search-inp']/span/span/span[2]/span</arg>
<doc>Click the element identified by ``locator``.</doc>
<status status="NOT RUN" start="2024-05-14T22:29:47.576353" elapsed="0.000000"/>
</kw>
<kw name="Go Back">
<status status="NOT RUN" start="2024-05-14T22:29:47.576903" elapsed="0.000000"/>
</kw>
<status status="FAIL" start="2024-05-14T22:29:46.914325" elapsed="0.663651">Element with locator 'xpath://*[@data-testid='user-search-inp']/span/span/span[2]/input' not found.</status>
</test>
<status status="FAIL" start="2024-05-14T22:29:36.208841" elapsed="11.371340"/>
</suite>
<statistics>
<total>
<stat pass="3" fail="1" skip="0">All Tests</stat>
</total>
<tag>
</tag>
<suite>
<stat pass="3" fail="1" skip="0" id="s1" name="userCheck">userCheck</stat>
</suite>
</statistics>
<errors>
</errors>
</robot>
